=== STRESS TESTS WORKFLOW STARTED ===
Stress Tests Configuration:
  SIMULATOR_NUM_MESSAGES: 1000000
  MAX_ALLOWED_TIME_MS: 
Installing .NET Aspire Workload...

Workload(s) 'aspire' are already installed.
Skipping NuGet package signature verification.
Skipping NuGet package signature verification.
Skipping NuGet package signature verification.
Skipping NuGet package signature verification.
Installing pack Aspire.Hosting.Sdk version 8.2.2...
Pack Aspire.Hosting.Sdk version 8.2.2 is already installed.
Writing workload pack installation record for Aspire.Hosting.Sdk version 8.2.2...
Installing pack Aspire.ProjectTemplates version 8.2.2...
Pack Aspire.ProjectTemplates version 8.2.2 is already installed.
Writing workload pack installation record for Aspire.ProjectTemplates version 8.2.2...
Garbage collecting for SDK feature band(s) 8.0.100...

Successfully installed workload(s) aspire.

Installing workloads: 

Skipping NuGet package signature verification.
Installing pack Aspire.Hosting.Sdk version 8.2.2...
Pack Aspire.Hosting.Sdk version 8.2.2 is already installed.
Writing workload pack installation record for Aspire.Hosting.Sdk version 8.2.2...
Installing pack Aspire.ProjectTemplates version 8.2.2...
Pack Aspire.ProjectTemplates version 8.2.2 is already installed.
Writing workload pack installation record for Aspire.ProjectTemplates version 8.2.2...
Garbage collecting for SDK feature band(s) 8.0.100...

Successfully installed workload(s) aspire.

Installing workloads: 

Skipping NuGet package signature verification.
Skipping NuGet package signature verification.
Skipping NuGet package signature verification.
Skipping NuGet package signature verification.
Installing pack Aspire.Hosting.Sdk version 8.2.2...
Pack Aspire.Hosting.Sdk version 8.2.2 is already installed.
Writing workload pack installation record for Aspire.Hosting.Sdk version 8.2.2...
Installing pack Aspire.ProjectTemplates version 8.2.2...
Pack Aspire.ProjectTemplates version 8.2.2 is already installed.
Writing workload pack installation record for Aspire.ProjectTemplates version 8.2.2...
Garbage collecting for SDK feature band(s) 8.0.100...

Successfully installed workload(s) aspire.

Installing workloads: 

Skipping NuGet package signature verification.
Installing pack Aspire.Hosting.Sdk version 8.2.2...
Pack Aspire.Hosting.Sdk version 8.2.2 is already installed.
Writing workload pack installation record for Aspire.Hosting.Sdk version 8.2.2...
Installing pack Aspire.ProjectTemplates version 8.2.2...
Pack Aspire.ProjectTemplates version 8.2.2 is already installed.
Writing workload pack installation record for Aspire.ProjectTemplates version 8.2.2...
Garbage collecting for SDK feature band(s) 8.0.100...

Successfully installed workload(s) aspire.

Building FlinkDotNet solution...
MSBuild version 17.8.27+3ab07f0cf for .NET
  Determining projects to restore...
  All projects are up-to-date for restore.
  FlinkDotNet.Core.Abstractions -> /home/runner/work/FLINK.NET/FLINK.NET/FlinkDotNet/FlinkDotNet.Core.Abstractions/bin/Release/net8.0/FlinkDotNet.Core.Abstractions.dll
  FlinkDotNet.Common.Constants -> /home/runner/work/FLINK.NET/FLINK.NET/FlinkDotNet/FlinkDotNet.Common.Constants/bin/Release/net8.0/FlinkDotNet.Common.Constants.dll
  FlinkDotNet.Storage.RocksDB -> /home/runner/work/FLINK.NET/FLINK.NET/FlinkDotNet/FlinkDotNet.Storage.RocksDB/bin/Debug/net8.0/FlinkDotNet.Storage.RocksDB.dll
/usr/lib/dotnet/sdk/8.0.116/Microsoft.Common.CurrentVersion.targets(4734,5): warning MSB3026: Could not copy "obj/Release/net8.0/FlinkDotNet.Core.dll" to "bin/Release/net8.0/FlinkDotNet.Core.dll". Beginning retry 1 in 1000ms. The process cannot access the file '/home/runner/work/FLINK.NET/FLINK.NET/FlinkDotNet/FlinkDotNet.Core/obj/Release/net8.0/FlinkDotNet.Core.dll' because it is being used by another process.  [/home/runner/work/FLINK.NET/FLINK.NET/FlinkDotNet/FlinkDotNet.Core/FlinkDotNet.Core.csproj]
  FlinkDotNet.Storage.FileSystem -> /home/runner/work/FLINK.NET/FLINK.NET/FlinkDotNet/FlinkDotNet.Storage.FileSystem/bin/Release/net8.0/FlinkDotNet.Storage.FileSystem.dll
  FlinkDotNet.Connectors.Sources.Kafka -> /home/runner/work/FLINK.NET/FLINK.NET/FlinkDotNet/FlinkDotNet.Connectors.Sources.Kafka/bin/Release/net8.0/FlinkDotNet.Connectors.Sources.Kafka.dll
  FlinkDotNet.Connectors.Sinks.Console -> /home/runner/work/FLINK.NET/FLINK.NET/FlinkDotNet/FlinkDotNet.Connectors.Sinks.Console/bin/Release/net8.0/FlinkDotNet.Connectors.Sinks.Console.dll
  FlinkDotNet.Connectors.Sources.File -> /home/runner/work/FLINK.NET/FLINK.NET/FlinkDotNet/FlinkDotNet.Connectors.Sources.File/bin/Release/net8.0/FlinkDotNet.Connectors.Sources.File.dll
  FlinkDotNet.Core -> /home/runner/work/FLINK.NET/FLINK.NET/FlinkDotNet/FlinkDotNet.Core/bin/Release/net8.0/FlinkDotNet.Core.dll
  FlinkDotNet.Connectors.Sinks.Console.Tests -> /home/runner/work/FLINK.NET/FLINK.NET/FlinkDotNet/FlinkDotNet.Connectors.Sinks.Console.Tests/bin/Release/net8.0/FlinkDotNet.Connectors.Sinks.Console.Tests.dll
  FlinkDotNet.Core.Tests -> /home/runner/work/FLINK.NET/FLINK.NET/FlinkDotNet/FlinkDotNet.Core.Tests/bin/Release/net8.0/FlinkDotNet.Core.Tests.dll
  FlinkDotNet.Storage.FileSystem.Tests -> /home/runner/work/FLINK.NET/FLINK.NET/FlinkDotNet/FlinkDotNet.Storage.FileSystem.Tests/bin/Release/net8.0/FlinkDotNet.Storage.FileSystem.Tests.dll
  FlinkDotNet.Connectors.Sources.File.Tests -> /home/runner/work/FLINK.NET/FLINK.NET/FlinkDotNet/FlinkDotNet.Connectors.Sources.File.Tests/bin/Release/net8.0/FlinkDotNet.Connectors.Sources.File.Tests.dll
  FlinkDotNet.Common.Constants.Tests -> /home/runner/work/FLINK.NET/FLINK.NET/FlinkDotNet/FlinkDotNet.Common.Constants.Tests/bin/Release/net8.0/FlinkDotNet.Common.Constants.Tests.dll
  FlinkDotNet.JobManager -> /home/runner/work/FLINK.NET/FLINK.NET/FlinkDotNet/FlinkDotNet.JobManager/bin/Release/net8.0/FlinkDotNet.JobManager.dll
  FlinkDotNet.Core.Api -> /home/runner/work/FLINK.NET/FLINK.NET/FlinkDotNet/FlinkDotNet.Core.Api/bin/Release/net8.0/FlinkDotNet.Core.Api.dll
  FlinkDotNet.TaskManager -> /home/runner/work/FLINK.NET/FLINK.NET/FlinkDotNet/FlinkDotNet.TaskManager/bin/Release/net8.0/FlinkDotNet.TaskManager.dll
/usr/lib/dotnet/sdk/8.0.116/Microsoft.Common.CurrentVersion.targets(4734,5): warning MSB3026: Could not copy "obj/Release/net8.0/FlinkDotNet.Table.Api.dll" to "bin/Release/net8.0/FlinkDotNet.Table.Api.dll". Beginning retry 1 in 1000ms. The process cannot access the file '/home/runner/work/FLINK.NET/FLINK.NET/FlinkDotNet/FlinkDotNet.Table.Api/obj/Release/net8.0/FlinkDotNet.Table.Api.dll' because it is being used by another process.  [/home/runner/work/FLINK.NET/FLINK.NET/FlinkDotNet/FlinkDotNet.Table.Api/FlinkDotNet.Table.Api.csproj]
  FlinkDotNet.Table.Api -> /home/runner/work/FLINK.NET/FLINK.NET/FlinkDotNet/FlinkDotNet.Table.Api/bin/Release/net8.0/FlinkDotNet.Table.Api.dll
  FlinkDotNet.JobManager.Tests -> /home/runner/work/FLINK.NET/FLINK.NET/FlinkDotNet/FlinkDotNet.JobManager.Tests/bin/Release/net8.0/FlinkDotNet.JobManager.Tests.dll
  FlinkDotNet.Architecture.Tests -> /home/runner/work/FLINK.NET/FLINK.NET/FlinkDotNet/FlinkDotNet.Architecture.Tests/bin/Release/net8.0/FlinkDotNet.Architecture.Tests.dll

Build succeeded.

/usr/lib/dotnet/sdk/8.0.116/Microsoft.Common.CurrentVersion.targets(4734,5): warning MSB3026: Could not copy "obj/Release/net8.0/FlinkDotNet.Core.dll" to "bin/Release/net8.0/FlinkDotNet.Core.dll". Beginning retry 1 in 1000ms. The process cannot access the file '/home/runner/work/FLINK.NET/FLINK.NET/FlinkDotNet/FlinkDotNet.Core/obj/Release/net8.0/FlinkDotNet.Core.dll' because it is being used by another process.  [/home/runner/work/FLINK.NET/FLINK.NET/FlinkDotNet/FlinkDotNet.Core/FlinkDotNet.Core.csproj]
/usr/lib/dotnet/sdk/8.0.116/Microsoft.Common.CurrentVersion.targets(4734,5): warning MSB3026: Could not copy "obj/Release/net8.0/FlinkDotNet.Table.Api.dll" to "bin/Release/net8.0/FlinkDotNet.Table.Api.dll". Beginning retry 1 in 1000ms. The process cannot access the file '/home/runner/work/FLINK.NET/FLINK.NET/FlinkDotNet/FlinkDotNet.Table.Api/obj/Release/net8.0/FlinkDotNet.Table.Api.dll' because it is being used by another process.  [/home/runner/work/FLINK.NET/FLINK.NET/FlinkDotNet/FlinkDotNet.Table.Api/FlinkDotNet.Table.Api.csproj]
    2 Warning(s)
    0 Error(s)

Time Elapsed 00:00:48.85
Building FlinkDotNetAspire solution...
MSBuild version 17.8.27+3ab07f0cf for .NET
  Determining projects to restore...
  Restored /home/runner/work/FLINK.NET/FLINK.NET/FlinkDotNetAspire/IntegrationTestVerifier/IntegrationTestVerifier.csproj (in 3.19 sec).
  Restored /home/runner/work/FLINK.NET/FLINK.NET/FlinkDotNetAspire/FlinkDotNetAspire.AppHost.ServiceDefaults/FlinkDotNetAspire.AppHost.ServiceDefaults.csproj (in 4.52 sec).
  Restored /home/runner/work/FLINK.NET/FLINK.NET/FlinkDotNetAspire/FlinkJobSimulator/FlinkJobSimulator.csproj (in 4.99 sec).
  Restored /home/runner/work/FLINK.NET/FLINK.NET/FlinkDotNetAspire/FlinkDotNetAspire.AppHost.AppHost/FlinkDotNetAspire.AppHost.AppHost.csproj (in 2.39 sec).
  Restored /home/runner/work/FLINK.NET/FLINK.NET/FlinkDotNetAspire/FlinkDotNetAspire.IntegrationTests/FlinkDotNetAspire.IntegrationTests.csproj (in 5.55 sec).
  10 of 15 projects are up-to-date for restore.
  FlinkDotNet.Common.Constants -> /home/runner/work/FLINK.NET/FLINK.NET/FlinkDotNet/FlinkDotNet.Common.Constants/bin/Debug/net8.0/FlinkDotNet.Common.Constants.dll
  FlinkDotNetAspire.AppHost.ServiceDefaults -> /home/runner/work/FLINK.NET/FLINK.NET/FlinkDotNetAspire/FlinkDotNetAspire.AppHost.ServiceDefaults/bin/Release/net8.0/FlinkDotNetAspire.AppHost.ServiceDefaults.dll
  IntegrationTestVerifier -> /home/runner/work/FLINK.NET/FLINK.NET/FlinkDotNetAspire/IntegrationTestVerifier/bin/Release/net8.0/FlinkDotNet.IntegrationTestVerifier.dll
  FlinkDotNet.Core.Abstractions -> /home/runner/work/FLINK.NET/FLINK.NET/FlinkDotNet/FlinkDotNet.Core.Abstractions/bin/Debug/net8.0/FlinkDotNet.Core.Abstractions.dll
  FlinkDotNet.Storage.RocksDB -> /home/runner/work/FLINK.NET/FLINK.NET/FlinkDotNet/FlinkDotNet.Storage.RocksDB/bin/Debug/net8.0/FlinkDotNet.Storage.RocksDB.dll
  FlinkDotNet.JobManager -> /home/runner/work/FLINK.NET/FLINK.NET/FlinkDotNet/FlinkDotNet.JobManager/bin/Release/net8.0/FlinkDotNet.JobManager.dll
  FlinkDotNet.Connectors.Sinks.Console -> /home/runner/work/FLINK.NET/FLINK.NET/FlinkDotNet/FlinkDotNet.Connectors.Sinks.Console/bin/Debug/net8.0/FlinkDotNet.Connectors.Sinks.Console.dll
  FlinkDotNet.Connectors.Sources.File -> /home/runner/work/FLINK.NET/FLINK.NET/FlinkDotNet/FlinkDotNet.Connectors.Sources.File/bin/Debug/net8.0/FlinkDotNet.Connectors.Sources.File.dll
  FlinkDotNet.Storage.FileSystem -> /home/runner/work/FLINK.NET/FLINK.NET/FlinkDotNet/FlinkDotNet.Storage.FileSystem/bin/Debug/net8.0/FlinkDotNet.Storage.FileSystem.dll
  FlinkDotNet.Core.Api -> /home/runner/work/FLINK.NET/FLINK.NET/FlinkDotNet/FlinkDotNet.Core.Api/bin/Debug/net8.0/FlinkDotNet.Core.Api.dll
  FlinkDotNet.Core -> /home/runner/work/FLINK.NET/FLINK.NET/FlinkDotNet/FlinkDotNet.Core/bin/Debug/net8.0/FlinkDotNet.Core.dll
  FlinkJobSimulator -> /home/runner/work/FLINK.NET/FLINK.NET/FlinkDotNetAspire/FlinkJobSimulator/bin/Release/net8.0/FlinkJobSimulator.dll
  FlinkDotNet.TaskManager -> /home/runner/work/FLINK.NET/FLINK.NET/FlinkDotNet/FlinkDotNet.TaskManager/bin/Release/net8.0/FlinkDotNet.TaskManager.dll
/usr/lib/dotnet/sdk/8.0.116/Microsoft.Common.CurrentVersion.targets(4911,5): warning MSB3026: Could not copy "/home/runner/.nuget/packages/librdkafka.redist/2.10.0/runtimes/osx-x64/native/librdkafka.dylib" to "bin/Release/net8.0/runtimes/osx-x64/native/librdkafka.dylib". Beginning retry 1 in 1000ms. The process cannot access the file '/home/runner/work/FLINK.NET/FLINK.NET/FlinkDotNetAspire/FlinkDotNetAspire.AppHost.AppHost/bin/Release/net8.0/runtimes/osx-x64/native/librdkafka.dylib' because it is being used by another process.  [/home/runner/work/FLINK.NET/FLINK.NET/FlinkDotNetAspire/FlinkDotNetAspire.AppHost.AppHost/FlinkDotNetAspire.AppHost.AppHost.csproj]
/usr/lib/dotnet/sdk/8.0.116/Microsoft.Common.CurrentVersion.targets(4911,5): warning MSB3026: Could not copy "/home/runner/.nuget/packages/librdkafka.redist/2.10.0/runtimes/win-x86/native/zlib1.dll" to "bin/Release/net8.0/runtimes/win-x86/native/zlib1.dll". Beginning retry 1 in 1000ms. The process cannot access the file '/home/runner/work/FLINK.NET/FLINK.NET/FlinkDotNetAspire/FlinkDotNetAspire.AppHost.AppHost/bin/Release/net8.0/runtimes/win-x86/native/zlib1.dll' because it is being used by another process.  [/home/runner/work/FLINK.NET/FLINK.NET/FlinkDotNetAspire/FlinkDotNetAspire.AppHost.AppHost/FlinkDotNetAspire.AppHost.AppHost.csproj]
  FlinkDotNetAspire.AppHost.AppHost -> /home/runner/work/FLINK.NET/FLINK.NET/FlinkDotNetAspire/FlinkDotNetAspire.AppHost.AppHost/bin/Release/net8.0/FlinkDotNetAspire.AppHost.AppHost.dll
  FlinkDotNetAspire.IntegrationTests -> /home/runner/work/FLINK.NET/FLINK.NET/FlinkDotNetAspire/FlinkDotNetAspire.IntegrationTests/bin/Release/net8.0/FlinkDotNetAspire.IntegrationTests.dll

Build succeeded.

/usr/lib/dotnet/sdk/8.0.116/Microsoft.Common.CurrentVersion.targets(4911,5): warning MSB3026: Could not copy "/home/runner/.nuget/packages/librdkafka.redist/2.10.0/runtimes/osx-x64/native/librdkafka.dylib" to "bin/Release/net8.0/runtimes/osx-x64/native/librdkafka.dylib". Beginning retry 1 in 1000ms. The process cannot access the file '/home/runner/work/FLINK.NET/FLINK.NET/FlinkDotNetAspire/FlinkDotNetAspire.AppHost.AppHost/bin/Release/net8.0/runtimes/osx-x64/native/librdkafka.dylib' because it is being used by another process.  [/home/runner/work/FLINK.NET/FLINK.NET/FlinkDotNetAspire/FlinkDotNetAspire.AppHost.AppHost/FlinkDotNetAspire.AppHost.AppHost.csproj]
/usr/lib/dotnet/sdk/8.0.116/Microsoft.Common.CurrentVersion.targets(4911,5): warning MSB3026: Could not copy "/home/runner/.nuget/packages/librdkafka.redist/2.10.0/runtimes/win-x86/native/zlib1.dll" to "bin/Release/net8.0/runtimes/win-x86/native/zlib1.dll". Beginning retry 1 in 1000ms. The process cannot access the file '/home/runner/work/FLINK.NET/FLINK.NET/FlinkDotNetAspire/FlinkDotNetAspire.AppHost.AppHost/bin/Release/net8.0/runtimes/win-x86/native/zlib1.dll' because it is being used by another process.  [/home/runner/work/FLINK.NET/FLINK.NET/FlinkDotNetAspire/FlinkDotNetAspire.AppHost.AppHost/FlinkDotNetAspire.AppHost.AppHost.csproj]
    2 Warning(s)
    0 Error(s)

Time Elapsed 00:00:38.64
Starting Aspire AppHost...
Started AppHost with PID: 3170
Waiting 60 seconds for Redis/Kafka container initialization...
Discovering actual Aspire container ports...
=== Discovering Aspire Container Ports ===
Current Docker containers:
NAMES            IMAGE                                PORTS
kafka-bdkwwvcr   confluentinc/confluent-local:7.9.0   8082/tcp, 127.0.0.1:32769->9092/tcp, 127.0.0.1:32770->9093/tcp
redis-rpfdstrt   redis:7.4                            127.0.0.1:32768->6379/tcp
Using Redis container: f03ab2d8c186
Redis mapped to host port: 32768
Redis password found in container environment
Using Kafka container: dac106f2b586
Kafka mapped to host port: 32769

=== Discovery Results ===
âœ… Redis discovered on port: 32768
âœ… Redis password discovered
âœ… Kafka discovered on port: 32769

Environment variables set:
  DOTNET_REDIS_URL: localhost:32768,password=YqE0FFq8A73tADPuKNYXce
  DOTNET_KAFKA_BOOTSTRAP_SERVERS: localhost:32769
Port discovery completed successfully!
0
Starting health checks...
Health check attempt 1/5
=== FlinkDotNet Integration Test Verifier Started ===
Started at: 2025-06-13 20:52:40 UTC
Arguments: --health-check

=== Environment Variables ===
DOTNET_REDIS_URL: localhost:32768,password=YqE0FFq8A73tADPuKNYXce
DOTNET_KAFKA_BOOTSTRAP_SERVERS: localhost:32769
SIMULATOR_NUM_MESSAGES: 1000000
SIMULATOR_REDIS_KEY_GLOBAL_SEQUENCE: <not set>
SIMULATOR_REDIS_KEY_SINK_COUNTER: <not set>
SIMULATOR_KAFKA_TOPIC: <not set>
MAX_ALLOWED_TIME_MS: <not set>
DOTNET_ENVIRONMENT: <not set>

=== Running in --health-check mode ===

ğŸ¥ === INFRASTRUCTURE HEALTH CHECK ===
ğŸ“‹ Validating Redis and Kafka container accessibility

ğŸ” DISCOVERY: Resolving service connection strings
   âœ… Redis connection string found: localhost:32768,password=YqE0FFq8A73tADPuKNYXce
   âœ… Kafka bootstrap servers found: localhost:32769
   ğŸ”Œ Testing Kafka port reachability (localhost:32769)...
      âœ… Port reachable

ğŸ”´ HEALTH CHECK 1: Redis Service
   ğŸ“Œ GIVEN: Redis container should be accessible at localhost:32768,password=YqE0FFq8A73tADPuKNYXce
   ğŸ¯ WHEN: Attempting connection and basic operations
WaitForRedisAsync: connectionString='localhost:32768,password=YqE0FFq8A73tADPuKNYXce', maxAttempts=2, delaySeconds=5
Redis attempt 1/2: Connecting to localhost:32768,password=YqE0FFq8A73tADPuKNYXce
âœ… Redis connection successful in 208ms
âœ… Redis ping successful
   âœ… THEN: Redis health check PASSED (took 237ms)

ğŸŸ¡ HEALTH CHECK 2: Kafka Service
   ğŸ“Œ GIVEN: Kafka container should be accessible at localhost:32769
   ğŸ¯ WHEN: Attempting connection and metadata retrieval
      ğŸ” Testing Kafka connectivity: bootstrapServers='localhost:32769', maxAttempts=2, delaySeconds=5
      ğŸ”§ Fixed IPv6 issue: Using 127.0.0.1:32769 instead of localhost:32769
      â³ Kafka attempt 1/2: Connecting to 127.0.0.1:32769
      âœ… Kafka connection successful in 180ms
      ğŸ“Š Found 1 topics, 1 brokers
   âœ… THEN: Kafka health check PASSED (took 323ms)

ğŸ === HEALTH CHECK SUMMARY ===
ğŸ‰ INFRASTRUCTURE: âœ… **HEALTHY** - All services accessible
   âœ“ Redis: Operational
   âœ“ Kafka: Operational
âœ… Health check PASSED on attempt 1
Running verification tests...
=== FlinkDotNet Integration Test Verifier Started ===
Started at: 2025-06-13 20:52:41 UTC
Arguments: 

=== Environment Variables ===
DOTNET_REDIS_URL: localhost:32768,password=YqE0FFq8A73tADPuKNYXce
DOTNET_KAFKA_BOOTSTRAP_SERVERS: localhost:32769
SIMULATOR_NUM_MESSAGES: 1000000
SIMULATOR_REDIS_KEY_GLOBAL_SEQUENCE: <not set>
SIMULATOR_REDIS_KEY_SINK_COUNTER: <not set>
SIMULATOR_KAFKA_TOPIC: <not set>
MAX_ALLOWED_TIME_MS: <not set>
DOTNET_ENVIRONMENT: <not set>

=== Running full verification ===

=== ğŸ§ª FLINK.NET HIGH-THROUGHPUT STRESS TEST VERIFICATION ===
ğŸ“‹ BDD Test Scenario: Local High Throughput Test with Redis Sequenced Messages to Kafka & Redis Sink

ğŸ“– GIVEN: Local Flink.NET Setup with Aspire orchestration
   â”œâ”€ Redis provides sequence ID generation (key: 'flinkdotnet:global_sequence_id')
   â”œâ”€ HighVolumeSourceFunction generates 1,000,000 ordered messages
   â”œâ”€ RedisIncrementSinkFunction counts messages (key: 'flinkdotnet:sample:processed_message_counter')
   â””â”€ KafkaSinkFunction writes messages to topic ('flinkdotnet.sample.topic')

ğŸ¯ WHEN: FlinkJobSimulator executes the dual-sink job
   â”œâ”€ Source: Redis INCR generates sequence IDs 1 to N
   â”œâ”€ Map: SimpleToUpperMapOperator processes messages (P=1 for FIFO order)
   â”œâ”€ Fork: Stream splits to Redis sink AND Kafka sink
   â””â”€ Execution: LocalStreamExecutor runs the job

âœ… THEN: Expected behavior according to documentation:
   â”œâ”€ Global sequence key should equal 1,000,000
   â”œâ”€ Sink counter key should equal 1,000,000
   â”œâ”€ Kafka topic contains 1,000,000 ordered messages
   â””â”€ FIFO ordering maintained with Redis-generated sequence IDs

âœ… Redis connection discovered: localhost:32768,password=YqE0FFq8A73tADPuKNYXce
âœ… Kafka bootstrap servers discovered: localhost:32769

ğŸ” === VERIFICATION EXECUTION ===

ğŸ”´ SCENARIO 1: Redis Sink Verification
   ğŸ“‹ Testing: Source sequence generation and sink message counting
ğŸ”— Connecting to Redis (localhost:32768,password=YqE0FFq8A73tADPuKNYXce)...
   âœ… Successfully connected to Redis.

   ğŸ“‹ Verifying Redis data according to stress test documentation:

   ğŸ” TEST 1.1: Checking Source Sequence Generation
      ğŸ“Œ GIVEN: Redis key 'flinkdotnet:global_sequence_id' should exist
      ğŸ¯ WHEN: FlinkJobSimulator completed execution
         ğŸ“Š Key exists with value: 35,617
      âŒ THEN: Value validation FAILED
         ğŸ“Š Expected: 1,000,000 messages
         ğŸ“Š Actual: 35,617 messages
         ğŸ“Š Difference: 964,383 messages (96.4% gap)
         ğŸ’¡ This indicates HighVolumeSourceFunction stopped early or encountered errors

   ğŸ” TEST 1.2: Checking Redis Sink Processing
      ğŸ“Œ GIVEN: Redis key 'flinkdotnet:sample:processed_message_counter' should exist
      ğŸ¯ WHEN: FlinkJobSimulator completed execution
      âŒ THEN: Key validation FAILED - Redis key 'flinkdotnet:sample:processed_message_counter' not found
         ğŸ’¡ This indicates the redis sink processing did not execute or failed to write

   ğŸ’¥ Redis verification result: âŒ **FAILED**
      âŒ Message count mismatch indicates processing pipeline issues

ğŸŸ¡ SCENARIO 2: Kafka Sink Verification
   ğŸ“‹ Testing: Message ordering and content in Kafka topic

   ğŸ”— Connecting to Kafka (localhost:32769)...
   ğŸ”§ Fixed IPv6 issue: Using 127.0.0.1:32769 instead of localhost:32769
   ğŸ“‹ GIVEN: Kafka topic 'flinkdotnet.sample.topic' should contain ordered messages
   ğŸ¯ WHEN: FlinkJobSimulator completed execution via KafkaSinkFunction
   âœ… Successfully subscribed to Kafka topic: flinkdotnet.sample.topic
Starting to consume messages (timeout: 30s)...
âŒ Kafka consume error: Subscribed topic not available: flinkdotnet.sample.topic: Broker: Unknown topic or partition
  Error code: UnknownTopicOrPart
Kafka consumption completed in 1.0s
Total messages received: 0

      ğŸ” TEST 2.1: Message Volume Validation
         ğŸ“Œ GIVEN: Expected 1,000,000 messages in topic
         ğŸ“Š ACTUAL: Received 0 messages
         âŒ THEN: Volume validation FAILED
            ğŸ“Š Shortfall: 1,000,000 messages (100.0% missing)
            ğŸ’¡ This indicates KafkaSinkFunction failed to produce all messages

   ğŸ’¥ Kafka verification result: âŒ **FAILED**
      âŒ Message consumption or ordering validation failed

ğŸš€ SCENARIO 3: Performance Requirements
   ğŸ“‹ Testing: Processing time within acceptable limits
   ğŸ“Š Actual verification time: 1,395ms for 1,000,000 messages
   âŒ THEN: Performance requirement FAILED
      ğŸ“ˆ Expected: â‰¤ 1,000ms, Actual: 1,395ms

ğŸ === FINAL VERIFICATION RESULT ===
ğŸ’¥ STRESS TEST: âŒ **FAILED** - One or more scenarios failed validation
   â„¹ï¸  Check individual scenario results above for details
ğŸ“… Completed at: 2025-06-13 20:52:43 UTC
âŒ Stress Tests Workflow Failed: Verification tests failed
=== STRESS TESTS WORKFLOW FAILED after 2.8 minutes ===
Stopping AppHost...
